0 info it worked if it ends with ok
1 verbose cli [ '/usr/local/bin/node', '/usr/local/bin/npm', 'start' ]
2 info using npm@3.6.0
3 info using node@v4.2.1
4 verbose run-script [ 'prestart', 'start', 'poststart' ]
5 info lifecycle bg-gateway-api@1.0.0~prestart: bg-gateway-api@1.0.0
6 silly lifecycle bg-gateway-api@1.0.0~prestart: no script for prestart, continuing
7 info lifecycle bg-gateway-api@1.0.0~start: bg-gateway-api@1.0.0
8 verbose lifecycle bg-gateway-api@1.0.0~start: unsafe-perm in lifecycle true
9 verbose lifecycle bg-gateway-api@1.0.0~start: PATH: /usr/local/lib/node_modules/npm/bin/node-gyp-bin:/Users/anarazadaliyev/projects/codefresh/aritmetics-game/bg-gateway-api/node_modules/.bin:/Users/anarazadaliyev/.dnx/runtimes/dnx-mono.1.0.0-beta4/bin:/Users/anarazadaliyev/.rvm/gems/ruby-2.2.2/bin:/Users/anarazadaliyev/.rvm/gems/ruby-2.2.2@global/bin:/Users/anarazadaliyev/.rvm/rubies/ruby-2.2.2/bin:/usr/local/bin:/usr/bin:/bin:/usr/sbin:/sbin:/opt/X11/bin:/Users/anarazadaliyev/.rvm/bin:/Users/anarazadaliyev/.rvm/bin:/usr/local/mysql/bin:/Users/anarazadaliyev/Projects/vagrant/packer_0.8.2_darwin_amd64:/Users/anarazadaliyev/bin:/usr/local/bin:/usr/bin:/bin:/usr/local/sbin:/usr/sbin:/sbin:/Users/anarazadaliyev/programs/flow/
10 verbose lifecycle bg-gateway-api@1.0.0~start: CWD: /Users/anarazadaliyev/projects/codefresh/aritmetics-game/bg-gateway-api
11 silly lifecycle bg-gateway-api@1.0.0~start: Args: [ '-c', 'node ./src/app.js' ]
12 silly lifecycle bg-gateway-api@1.0.0~start: Returned: code: 2  signal: null
13 info lifecycle bg-gateway-api@1.0.0~start: Failed to exec start script
14 verbose stack Error: bg-gateway-api@1.0.0 start: `node ./src/app.js`
14 verbose stack Exit status 2
14 verbose stack     at EventEmitter.<anonymous> (/usr/local/lib/node_modules/npm/lib/utils/lifecycle.js:232:16)
14 verbose stack     at emitTwo (events.js:87:13)
14 verbose stack     at EventEmitter.emit (events.js:172:7)
14 verbose stack     at ChildProcess.<anonymous> (/usr/local/lib/node_modules/npm/lib/utils/spawn.js:24:14)
14 verbose stack     at emitTwo (events.js:87:13)
14 verbose stack     at ChildProcess.emit (events.js:172:7)
14 verbose stack     at maybeClose (internal/child_process.js:818:16)
14 verbose stack     at Process.ChildProcess._handle.onexit (internal/child_process.js:211:5)
15 verbose pkgid bg-gateway-api@1.0.0
16 verbose cwd /Users/anarazadaliyev/projects/codefresh/aritmetics-game/bg-gateway-api
17 error Darwin 15.0.0
18 error argv "/usr/local/bin/node" "/usr/local/bin/npm" "start"
19 error node v4.2.1
20 error npm  v3.6.0
21 error code ELIFECYCLE
22 error bg-gateway-api@1.0.0 start: `node ./src/app.js`
22 error Exit status 2
23 error Failed at the bg-gateway-api@1.0.0 start script 'node ./src/app.js'.
23 error Make sure you have the latest version of node.js and npm installed.
23 error If you do, this is most likely a problem with the bg-gateway-api package,
23 error not with npm itself.
23 error Tell the author that this fails on your system:
23 error     node ./src/app.js
23 error You can get information on how to open an issue for this project with:
23 error     npm bugs bg-gateway-api
23 error Or if that isn't available, you can get their info via:
23 error     npm owner ls bg-gateway-api
23 error There is likely additional logging output above.
24 verbose exit [ 1, true ]
